<?xml version="1.0" encoding="UTF-8"?>
<!-- Generated by org.testng.reporters.JUnitReportReporter -->
<testsuite hostname="ap" failures="0" tests="4" name="calcTest" time="0.024" errors="0" timestamp="2022-04-14T15:53:40 IST" skipped="0">
  <testcase classname="calcTest" name="logTest" time="0.004"/>
  <system-out/>
  <testcase classname="calcTest" name="factorialTest" time="0.014"/>
  <system-out/>
  <testcase classname="calcTest" name="squareRootTest" time="0.004"/>
  <system-out/>
  <testcase classname="calcTest" name="powerTest" time="0.002"/>
  <system-out/>
</testsuite> <!-- calcTest -->
